Start testing: Oct 23 11:51 EDT
----------------------------------------------------------
1/4 Testing: DetectorTest.DetectTest
1/4 Test: DetectorTest.DetectTest
Command: "/home/bhavana/midterm/Human_Aware_Localization_System/build/test/cpp-test" "--gtest_filter=DetectorTest.DetectTest" "--gtest_also_run_disabled_tests"
Directory: /home/bhavana/midterm/Human_Aware_Localization_System/build/test
"DetectorTest.DetectTest" start time: Oct 23 11:51 EDT
Output:
----------------------------------------------------------
Note: Google Test filter = DetectorTest.DetectTest
[==========] Running 1 test from 1 test suite.
[----------] Global test environment set-up.
[----------] 1 test from DetectorTest
[ RUN      ] DetectorTest.DetectTest
[       OK ] DetectorTest.DetectTest (8 ms)
[----------] 1 test from DetectorTest (9 ms total)

[----------] Global test environment tear-down
[==========] 1 test from 1 test suite ran. (9 ms total)
[  PASSED  ] 1 test.
<end of output>
Test time =   0.04 sec
----------------------------------------------------------
Test Passed.
"DetectorTest.DetectTest" end time: Oct 23 11:51 EDT
"DetectorTest.DetectTest" time elapsed: 00:00:00
----------------------------------------------------------

2/4 Testing: DetectorTest.PreProcessTest
2/4 Test: DetectorTest.PreProcessTest
Command: "/home/bhavana/midterm/Human_Aware_Localization_System/build/test/cpp-test" "--gtest_filter=DetectorTest.PreProcessTest" "--gtest_also_run_disabled_tests"
Directory: /home/bhavana/midterm/Human_Aware_Localization_System/build/test
"DetectorTest.PreProcessTest" start time: Oct 23 11:51 EDT
Output:
----------------------------------------------------------
Note: Google Test filter = DetectorTest.PreProcessTest
[==========] Running 1 test from 1 test suite.
[----------] Global test environment set-up.
[----------] 1 test from DetectorTest
[ RUN      ] DetectorTest.PreProcessTest
[       OK ] DetectorTest.PreProcessTest (2 ms)
[----------] 1 test from DetectorTest (2 ms total)

[----------] Global test environment tear-down
[==========] 1 test from 1 test suite ran. (3 ms total)
[  PASSED  ] 1 test.
<end of output>
Test time =   0.03 sec
----------------------------------------------------------
Test Passed.
"DetectorTest.PreProcessTest" end time: Oct 23 11:51 EDT
"DetectorTest.PreProcessTest" time elapsed: 00:00:00
----------------------------------------------------------

3/4 Testing: DetectorTest.PostProcessTest
3/4 Test: DetectorTest.PostProcessTest
Command: "/home/bhavana/midterm/Human_Aware_Localization_System/build/test/cpp-test" "--gtest_filter=DetectorTest.PostProcessTest" "--gtest_also_run_disabled_tests"
Directory: /home/bhavana/midterm/Human_Aware_Localization_System/build/test
"DetectorTest.PostProcessTest" start time: Oct 23 11:51 EDT
Output:
----------------------------------------------------------
Note: Google Test filter = DetectorTest.PostProcessTest
[==========] Running 1 test from 1 test suite.
[----------] Global test environment set-up.
[----------] 1 test from DetectorTest
[ RUN      ] DetectorTest.PostProcessTest
/home/bhavana/midterm/Human_Aware_Localization_System/test/test.cpp:51: Failure
Expected equality of these values:
  input_image.rows
    Which is: 640
  720

/home/bhavana/midterm/Human_Aware_Localization_System/test/test.cpp:52: Failure
Expected equality of these values:
  input_image.cols
    Which is: 640
  720

[  FAILED  ] DetectorTest.PostProcessTest (2 ms)
[----------] 1 test from DetectorTest (2 ms total)

[----------] Global test environment tear-down
[==========] 1 test from 1 test suite ran. (3 ms total)
[  PASSED  ] 0 tests.
[  FAILED  ] 1 test, listed below:
[  FAILED  ] DetectorTest.PostProcessTest

 1 FAILED TEST
<end of output>
Test time =   0.03 sec
----------------------------------------------------------
Test Failed.
"DetectorTest.PostProcessTest" end time: Oct 23 11:51 EDT
"DetectorTest.PostProcessTest" time elapsed: 00:00:00
----------------------------------------------------------

4/4 Testing: DetectorTest.DrawLabelTest
4/4 Test: DetectorTest.DrawLabelTest
Command: "/home/bhavana/midterm/Human_Aware_Localization_System/build/test/cpp-test" "--gtest_filter=DetectorTest.DrawLabelTest" "--gtest_also_run_disabled_tests"
Directory: /home/bhavana/midterm/Human_Aware_Localization_System/build/test
"DetectorTest.DrawLabelTest" start time: Oct 23 11:51 EDT
Output:
----------------------------------------------------------
Note: Google Test filter = DetectorTest.DrawLabelTest
[==========] Running 1 test from 1 test suite.
[----------] Global test environment set-up.
[----------] 1 test from DetectorTest
[ RUN      ] DetectorTest.DrawLabelTest
[       OK ] DetectorTest.DrawLabelTest (2 ms)
[----------] 1 test from DetectorTest (2 ms total)

[----------] Global test environment tear-down
[==========] 1 test from 1 test suite ran. (2 ms total)
[  PASSED  ] 1 test.
<end of output>
Test time =   0.02 sec
----------------------------------------------------------
Test Passed.
"DetectorTest.DrawLabelTest" end time: Oct 23 11:51 EDT
"DetectorTest.DrawLabelTest" time elapsed: 00:00:00
----------------------------------------------------------

End testing: Oct 23 11:51 EDT
